build/app/intermediates/manifest_merge_blame_file/debug/manifest-merger-blame-debug-report.txt
1<?xml version="1.0" encoding="utf-8"?>
2<manifest xmlns:android="http://schemas.android.com/apk/res/android"
3    package="com.example.flutter_health_care_app"
4    android:versionCode="1"
5    android:versionName="1.0.0" >
6
7    <uses-sdk
8        android:minSdkVersion="21"
9        android:targetSdkVersion="31" />
10    <!--
11         Flutter needs it to communicate with the running application
12         to allow setting breakpoints, to provide hot reload, etc.
13    -->
14    <uses-permission android:name="android.permission.INTERNET" />
14-->src\debug\AndroidManifest.xml:6:5-66
14-->src\debug\AndroidManifest.xml:6:22-64
15    <!-- Provide required visibility configuration for API level 30 and above -->
16    <queries>
16-->src\main\AndroidManifest.xml:4:5-15:15
17
18        <!-- If your app checks for SMS support -->
19        <intent>
19-->src\main\AndroidManifest.xml:6:9-9:18
20            <action android:name="android.intent.action.VIEW" />
20-->src\main\AndroidManifest.xml:7:13-65
20-->src\main\AndroidManifest.xml:7:21-62
21
22            <data android:scheme="sms" />
22-->src\main\AndroidManifest.xml:8:13-42
22-->src\main\AndroidManifest.xml:8:19-39
23        </intent>
24        <!-- If your app checks for call support -->
25        <intent>
25-->src\main\AndroidManifest.xml:11:9-14:18
26            <action android:name="android.intent.action.VIEW" />
26-->src\main\AndroidManifest.xml:7:13-65
26-->src\main\AndroidManifest.xml:7:21-62
27
28            <data android:scheme="tel" />
28-->src\main\AndroidManifest.xml:8:13-42
28-->src\main\AndroidManifest.xml:8:19-39
29        </intent>
30    </queries>
31
32    <uses-permission android:name="android.permission.RECEIVE_BOOT_COMPLETED" />
32-->[:flutter_local_notifications] AndroidManifest.xml:9:5-81
32-->[:flutter_local_notifications] AndroidManifest.xml:9:22-78
33    <uses-permission android:name="android.permission.VIBRATE" />
33-->[:flutter_local_notifications] AndroidManifest.xml:10:5-66
33-->[:flutter_local_notifications] AndroidManifest.xml:10:22-63
34    <uses-permission android:name="android.permission.USE_FULL_SCREEN_INTENT" />
34-->[:flutter_local_notifications] AndroidManifest.xml:11:5-81
34-->[:flutter_local_notifications] AndroidManifest.xml:11:22-78
35    <uses-permission android:name="android.permission.SCHEDULE_EXACT_ALARM" />
35-->[:flutter_local_notifications] AndroidManifest.xml:12:5-79
35-->[:flutter_local_notifications] AndroidManifest.xml:12:22-76
36    <uses-permission android:name="android.permission.POST_NOTIFICATIONS" />
36-->[:flutter_local_notifications] AndroidManifest.xml:13:5-77
36-->[:flutter_local_notifications] AndroidManifest.xml:13:22-74
37
38    <application
38-->src\main\AndroidManifest.xml:16:4-54:19
39        android:appComponentFactory="androidx.core.app.CoreComponentFactory"
39-->[androidx.core:core:1.6.0] AndroidManifest.xml:24:18-86
40        android:debuggable="true"
41        android:icon="@mipmap/launcher_icon"
41-->src\main\AndroidManifest.xml:18:9-45
42        android:label="Get Well" >
42-->src\main\AndroidManifest.xml:17:9-33
43        <activity
43-->src\main\AndroidManifest.xml:19:9-48:20
44            android:name="com.example.flutter_health_care_app.MainActivity"
44-->src\main\AndroidManifest.xml:20:13-41
45            android:configChanges="orientation|keyboardHidden|keyboard|screenSize|smallestScreenSize|locale|layoutDirection|fontScale|screenLayout|density|uiMode"
45-->src\main\AndroidManifest.xml:23:13-163
46            android:exported="true"
46-->src\main\AndroidManifest.xml:26:13-36
47            android:hardwareAccelerated="true"
47-->src\main\AndroidManifest.xml:24:13-47
48            android:launchMode="singleTop"
48-->src\main\AndroidManifest.xml:21:13-43
49            android:theme="@style/LaunchTheme"
49-->src\main\AndroidManifest.xml:22:13-47
50            android:windowSoftInputMode="adjustResize" >
50-->src\main\AndroidManifest.xml:25:13-55
51
52            <!--
53                 Specifies an Android theme to apply to this Activity as soon as
54                 the Android process has started. This theme is visible to the user
55                 while the Flutter UI initializes. After that, this theme continues
56                 to determine the Window background behind the Flutter UI.
57            -->
58            <meta-data
58-->src\main\AndroidManifest.xml:31:13-34:17
59                android:name="io.flutter.embedding.android.NormalTheme"
59-->src\main\AndroidManifest.xml:32:15-70
60                android:resource="@style/NormalTheme" />
60-->src\main\AndroidManifest.xml:33:15-52
61            <!--
62                 Displays an Android View that continues showing the launch screen
63                 Drawable until Flutter paints its first frame, then this splash
64                 screen fades out. A splash screen is useful to avoid any visual
65                 gap between the end of Android's launch screen and the painting of
66                 Flutter's first frame.
67            -->
68            <meta-data
68-->src\main\AndroidManifest.xml:40:13-43:17
69                android:name="io.flutter.embedding.android.SplashScreenDrawable"
69-->src\main\AndroidManifest.xml:41:15-79
70                android:resource="@drawable/launch_background" />
70-->src\main\AndroidManifest.xml:42:15-61
71
72            <intent-filter>
72-->src\main\AndroidManifest.xml:44:13-47:29
73                <action android:name="android.intent.action.MAIN" />
73-->src\main\AndroidManifest.xml:45:17-68
73-->src\main\AndroidManifest.xml:45:25-66
74
75                <category android:name="android.intent.category.LAUNCHER" />
75-->src\main\AndroidManifest.xml:46:17-76
75-->src\main\AndroidManifest.xml:46:27-74
76            </intent-filter>
77        </activity>
78        <!--
79             Don't delete the meta-data below.
80             This is used by the Flutter tool to generate GeneratedPluginRegistrant.java
81        -->
82        <meta-data
82-->src\main\AndroidManifest.xml:51:9-53:33
83            android:name="flutterEmbedding"
83-->src\main\AndroidManifest.xml:52:13-44
84            android:value="2" />
84-->src\main\AndroidManifest.xml:53:13-30
85
86        <receiver
86-->[:flutter_local_notifications] AndroidManifest.xml:16:9-18:40
87            android:name="com.dexterous.flutterlocalnotifications.ActionBroadcastReceiver"
87-->[:flutter_local_notifications] AndroidManifest.xml:17:13-91
88            android:exported="false" />
88-->[:flutter_local_notifications] AndroidManifest.xml:18:13-37
89        <receiver
89-->[:flutter_local_notifications] AndroidManifest.xml:19:9-21:40
90            android:name="com.dexterous.flutterlocalnotifications.ScheduledNotificationReceiver"
90-->[:flutter_local_notifications] AndroidManifest.xml:20:13-97
91            android:exported="false" />
91-->[:flutter_local_notifications] AndroidManifest.xml:21:13-37
92        <receiver
92-->[:flutter_local_notifications] AndroidManifest.xml:22:9-31:20
93            android:name="com.dexterous.flutterlocalnotifications.ScheduledNotificationBootReceiver"
93-->[:flutter_local_notifications] AndroidManifest.xml:23:13-101
94            android:exported="false" >
94-->[:flutter_local_notifications] AndroidManifest.xml:24:13-37
95            <intent-filter>
95-->[:flutter_local_notifications] AndroidManifest.xml:25:13-30:29
96                <action android:name="android.intent.action.BOOT_COMPLETED" />
96-->[:flutter_local_notifications] AndroidManifest.xml:26:17-79
96-->[:flutter_local_notifications] AndroidManifest.xml:26:25-76
97                <action android:name="android.intent.action.MY_PACKAGE_REPLACED" />
97-->[:flutter_local_notifications] AndroidManifest.xml:27:17-84
97-->[:flutter_local_notifications] AndroidManifest.xml:27:25-81
98                <action android:name="android.intent.action.QUICKBOOT_POWERON" />
98-->[:flutter_local_notifications] AndroidManifest.xml:28:17-82
98-->[:flutter_local_notifications] AndroidManifest.xml:28:25-79
99                <action android:name="com.htc.intent.action.QUICKBOOT_POWERON" />
99-->[:flutter_local_notifications] AndroidManifest.xml:29:17-82
99-->[:flutter_local_notifications] AndroidManifest.xml:29:25-79
100            </intent-filter>
101        </receiver>
102
103        <activity
103-->[:url_launcher_android] AndroidManifest.xml:10:9-13:74
104            android:name="io.flutter.plugins.urllauncher.WebViewActivity"
104-->[:url_launcher_android] AndroidManifest.xml:11:13-74
105            android:exported="false"
105-->[:url_launcher_android] AndroidManifest.xml:12:13-37
106            android:theme="@android:style/Theme.NoTitleBar.Fullscreen" />
106-->[:url_launcher_android] AndroidManifest.xml:13:13-71
107
108        <uses-library
108-->[androidx.window:window:1.0.0-beta04] AndroidManifest.xml:25:9-27:40
109            android:name="androidx.window.extensions"
109-->[androidx.window:window:1.0.0-beta04] AndroidManifest.xml:26:13-54
110            android:required="false" />
110-->[androidx.window:window:1.0.0-beta04] AndroidManifest.xml:27:13-37
111        <uses-library
111-->[androidx.window:window:1.0.0-beta04] AndroidManifest.xml:28:9-30:40
112            android:name="androidx.window.sidecar"
112-->[androidx.window:window:1.0.0-beta04] AndroidManifest.xml:29:13-51
113            android:required="false" />
113-->[androidx.window:window:1.0.0-beta04] AndroidManifest.xml:30:13-37
114    </application>
115
116</manifest>